# JRE version: OpenJDK Runtime Environment (11.0.12+7) (build 11.0.12+7-b1504.28-7817840)
# Java VM: OpenJDK 64-Bit Server VM (11.0.12+7-b1504.28-7817840, mixed mode, tiered, compressed oops, g1 gc, windows-amd64)
Heap:
 garbage-first heap   total 242688K, used 162262K [0x0000000080000000, 0x0000000100000000)
  region size 1024K, 54 young (55296K), 7 survivors (7168K)
 Metaspace       used 99114K, capacity 101532K, committed 102264K, reserved 1138688K
  class space    used 12868K, capacity 13762K, committed 14028K, reserved 1048576K
GC Heap History (20 events):
Event: 23.286 GC heap before
{Heap before GC invocations=35 (full 0):
 garbage-first heap   total 242688K, used 182576K [0x0000000080000000, 0x0000000100000000)
  region size 1024K, 73 young (74752K), 2 survivors (2048K)
 Metaspace       used 98623K, capacity 100916K, committed 101752K, reserved 1136640K
  class space    used 12816K, capacity 13691K, committed 14028K, reserved 1048576K
}
Event: 23.293 GC heap after
{Heap after GC invocations=36 (full 0):
 garbage-first heap   total 242688K, used 110292K [0x0000000080000000, 0x0000000100000000)
  region size 1024K, 2 young (2048K), 2 survivors (2048K)
 Metaspace       used 98623K, capacity 100916K, committed 101752K, reserved 1136640K
  class space    used 12816K, capacity 13691K, committed 14028K, reserved 1048576K
}
Event: 24.026 GC heap before
{Heap before GC invocations=36 (full 0):
 garbage-first heap   total 242688K, used 188116K [0x0000000080000000, 0x0000000100000000)
  region size 1024K, 78 young (79872K), 2 survivors (2048K)
 Metaspace       used 98922K, capacity 101311K, committed 102008K, reserved 1136640K
  class space    used 12866K, capacity 13758K, committed 14028K, reserved 1048576K
}
Event: 24.034 GC heap after
{Heap after GC invocations=37 (full 0):
 garbage-first heap   total 242688K, used 110798K [0x0000000080000000, 0x0000000100000000)
  region size 1024K, 3 young (3072K), 3 survivors (3072K)
 Metaspace       used 98922K, capacity 101311K, committed 102008K, reserved 1136640K
  class space    used 12866K, capacity 13758K, committed 14028K, reserved 1048576K
}
Event: 25.020 GC heap before
{Heap before GC invocations=37 (full 0):
 garbage-first heap   total 242688K, used 190670K [0x0000000080000000, 0x0000000100000000)
  region size 1024K, 81 young (82944K), 3 survivors (3072K)
 Metaspace       used 98971K, capacity 101377K, committed 102008K, reserved 1136640K
  class space    used 12866K, capacity 13758K, committed 14028K, reserved 1048576K
}
Event: 25.028 GC heap after
{Heap after GC invocations=38 (full 0):
 garbage-first heap   total 242688K, used 111387K [0x0000000080000000, 0x0000000100000000)
  region size 1024K, 3 young (3072K), 3 survivors (3072K)
 Metaspace       used 98971K, capacity 101377K, committed 102008K, reserved 1136640K
  class space    used 12866K, capacity 13758K, committed 14028K, reserved 1048576K
}
Event: 25.789 GC heap before
{Heap before GC invocations=38 (full 0):
 garbage-first heap   total 242688K, used 197403K [0x0000000080000000, 0x0000000100000000)
  region size 1024K, 87 young (89088K), 3 survivors (3072K)
 Metaspace       used 98980K, capacity 101380K, committed 102008K, reserved 1136640K
  class space    used 12866K, capacity 13758K, committed 14028K, reserved 1048576K
}
Event: 25.796 GC heap after
{Heap after GC invocations=39 (full 0):
 garbage-first heap   total 242688K, used 111932K [0x0000000080000000, 0x0000000100000000)
  region size 1024K, 4 young (4096K), 4 survivors (4096K)
 Metaspace       used 98980K, capacity 101380K, committed 102008K, reserved 1136640K
  class space    used 12866K, capacity 13758K, committed 14028K, reserved 1048576K
}
Event: 26.481 GC heap before
{Heap before GC invocations=39 (full 0):
 garbage-first heap   total 242688K, used 198972K [0x0000000080000000, 0x0000000100000000)
  region size 1024K, 89 young (91136K), 4 survivors (4096K)
 Metaspace       used 98990K, capacity 101380K, committed 102008K, reserved 1136640K
  class space    used 12866K, capacity 13758K, committed 14028K, reserved 1048576K
}
Event: 26.489 GC heap after
{Heap after GC invocations=40 (full 0):
 garbage-first heap   total 242688K, used 112477K [0x0000000080000000, 0x0000000100000000)
  region size 1024K, 4 young (4096K), 4 survivors (4096K)
 Metaspace       used 98990K, capacity 101380K, committed 102008K, reserved 1136640K
  class space    used 12866K, capacity 13758K, committed 14028K, reserved 1048576K
}
Event: 27.285 GC heap before
{Heap before GC invocations=40 (full 0):
 garbage-first heap   total 242688K, used 202589K [0x0000000080000000, 0x0000000100000000)
  region size 1024K, 92 young (94208K), 4 survivors (4096K)
 Metaspace       used 99015K, capacity 101445K, committed 102264K, reserved 1138688K
  class space    used 12866K, capacity 13758K, committed 14028K, reserved 1048576K
}
Event: 27.293 GC heap after
{Heap after GC invocations=41 (full 0):
 garbage-first heap   total 242688K, used 112982K [0x0000000080000000, 0x0000000100000000)
  region size 1024K, 5 young (5120K), 5 survivors (5120K)
 Metaspace       used 99015K, capacity 101445K, committed 102264K, reserved 1138688K
  class space    used 12866K, capacity 13758K, committed 14028K, reserved 1048576K
}
Event: 28.071 GC heap before
{Heap before GC invocations=41 (full 0):
 garbage-first heap   total 242688K, used 203094K [0x0000000080000000, 0x0000000100000000)
  region size 1024K, 93 young (95232K), 5 survivors (5120K)
 Metaspace       used 99036K, capacity 101447K, committed 102264K, reserved 1138688K
  class space    used 12866K, capacity 13758K, committed 14028K, reserved 1048576K
}
Event: 28.082 GC heap after
{Heap after GC invocations=42 (full 0):
 garbage-first heap   total 242688K, used 113526K [0x0000000080000000, 0x0000000100000000)
  region size 1024K, 5 young (5120K), 5 survivors (5120K)
 Metaspace       used 99036K, capacity 101447K, committed 102264K, reserved 1138688K
  class space    used 12866K, capacity 13758K, committed 14028K, reserved 1048576K
}
Event: 29.984 GC heap before
{Heap before GC invocations=42 (full 0):
 garbage-first heap   total 242688K, used 204662K [0x0000000080000000, 0x0000000100000000)
  region size 1024K, 94 young (96256K), 5 survivors (5120K)
 Metaspace       used 99057K, capacity 101451K, committed 102264K, reserved 1138688K
  class space    used 12866K, capacity 13759K, committed 14028K, reserved 1048576K
}
Event: 29.995 GC heap after
{Heap after GC invocations=43 (full 0):
 garbage-first heap   total 242688K, used 113947K [0x0000000080000000, 0x0000000100000000)
  region size 1024K, 6 young (6144K), 6 survivors (6144K)
 Metaspace       used 99057K, capacity 101451K, committed 102264K, reserved 1138688K
  class space    used 12866K, capacity 13759K, committed 14028K, reserved 1048576K
}
Event: 31.433 GC heap before
{Heap before GC invocations=43 (full 0):
 garbage-first heap   total 242688K, used 205083K [0x0000000080000000, 0x0000000100000000)
  region size 1024K, 95 young (97280K), 6 survivors (6144K)
 Metaspace       used 99105K, capacity 101532K, committed 102264K, reserved 1138688K
  class space    used 12868K, capacity 13762K, committed 14028K, reserved 1048576K
}
Event: 31.446 GC heap after
{Heap after GC invocations=44 (full 0):
 garbage-first heap   total 242688K, used 114578K [0x0000000080000000, 0x0000000100000000)
  region size 1024K, 6 young (6144K), 6 survivors (6144K)
 Metaspace       used 99105K, capacity 101532K, committed 102264K, reserved 1138688K
  class space    used 12868K, capacity 13762K, committed 14028K, reserved 1048576K
}
Event: 32.873 GC heap before
{Heap before GC invocations=44 (full 0):
 garbage-first heap   total 242688K, used 207762K [0x0000000080000000, 0x0000000100000000)
  region size 1024K, 97 young (99328K), 6 survivors (6144K)
 Metaspace       used 99113K, capacity 101532K, committed 102264K, reserved 1138688K
  class space    used 12868K, capacity 13762K, committed 14028K, reserved 1048576K
}
Event: 32.886 GC heap after
{Heap after GC invocations=45 (full 0):
 garbage-first heap   total 242688K, used 115158K [0x0000000080000000, 0x0000000100000000)
  region size 1024K, 7 young (7168K), 7 survivors (7168K)
 Metaspace       used 99113K, capacity 101532K, committed 102264K, reserved 1138688K
  class space    used 12868K, capacity 13762K, committed 14028K, reserved 1048576K
}

