# JRE version: OpenJDK Runtime Environment (11.0.12+7) (build 11.0.12+7-b1504.28-7817840)
# Java VM: OpenJDK 64-Bit Server VM (11.0.12+7-b1504.28-7817840, mixed mode, tiered, compressed oops, g1 gc, windows-amd64)
Heap:
 garbage-first heap   total 115712K, used 78532K [0x0000000080000000, 0x0000000100000000)
  region size 1024K, 42 young (43008K), 7 survivors (7168K)
 Metaspace       used 56913K, capacity 58291K, committed 58576K, reserved 1099776K
  class space    used 7240K, capacity 7748K, committed 7888K, reserved 1048576K
GC Heap History (20 events):
Event: 4.591 GC heap before
{Heap before GC invocations=4 (full 0):
 garbage-first heap   total 96256K, used 30867K [0x0000000080000000, 0x0000000100000000)
  region size 1024K, 17 young (17408K), 2 survivors (2048K)
 Metaspace       used 20778K, capacity 21153K, committed 21296K, reserved 1069056K
  class space    used 2564K, capacity 2716K, committed 2816K, reserved 1048576K
}
Event: 4.597 GC heap after
{Heap after GC invocations=5 (full 0):
 garbage-first heap   total 96256K, used 17076K [0x0000000080000000, 0x0000000100000000)
  region size 1024K, 3 young (3072K), 3 survivors (3072K)
 Metaspace       used 20778K, capacity 21153K, committed 21296K, reserved 1069056K
  class space    used 2564K, capacity 2716K, committed 2816K, reserved 1048576K
}
Event: 5.216 GC heap before
{Heap before GC invocations=6 (full 0):
 garbage-first heap   total 96256K, used 50868K [0x0000000080000000, 0x0000000100000000)
  region size 1024K, 36 young (36864K), 3 survivors (3072K)
 Metaspace       used 24295K, capacity 24885K, committed 25088K, reserved 1071104K
  class space    used 3092K, capacity 3283K, committed 3328K, reserved 1048576K
}
Event: 5.220 GC heap after
{Heap after GC invocations=7 (full 0):
 garbage-first heap   total 96256K, used 18200K [0x0000000080000000, 0x0000000100000000)
  region size 1024K, 4 young (4096K), 4 survivors (4096K)
 Metaspace       used 24295K, capacity 24885K, committed 25088K, reserved 1071104K
  class space    used 3092K, capacity 3283K, committed 3328K, reserved 1048576K
}
Event: 5.951 GC heap before
{Heap before GC invocations=7 (full 0):
 garbage-first heap   total 96256K, used 55064K [0x0000000080000000, 0x0000000100000000)
  region size 1024K, 40 young (40960K), 4 survivors (4096K)
 Metaspace       used 27666K, capacity 28339K, committed 28544K, reserved 1073152K
  class space    used 3649K, capacity 3890K, committed 3968K, reserved 1048576K
}
Event: 5.956 GC heap after
{Heap after GC invocations=8 (full 0):
 garbage-first heap   total 96256K, used 19654K [0x0000000080000000, 0x0000000100000000)
  region size 1024K, 4 young (4096K), 4 survivors (4096K)
 Metaspace       used 27666K, capacity 28339K, committed 28544K, reserved 1073152K
  class space    used 3649K, capacity 3890K, committed 3968K, reserved 1048576K
}
Event: 6.826 GC heap before
{Heap before GC invocations=8 (full 0):
 garbage-first heap   total 96256K, used 58566K [0x0000000080000000, 0x0000000100000000)
  region size 1024K, 42 young (43008K), 4 survivors (4096K)
 Metaspace       used 32881K, capacity 33592K, committed 33920K, reserved 1079296K
  class space    used 4338K, capacity 4640K, committed 4736K, reserved 1048576K
}
Event: 6.833 GC heap after
{Heap after GC invocations=9 (full 0):
 garbage-first heap   total 96256K, used 21598K [0x0000000080000000, 0x0000000100000000)
  region size 1024K, 6 young (6144K), 6 survivors (6144K)
 Metaspace       used 32881K, capacity 33592K, committed 33920K, reserved 1079296K
  class space    used 4338K, capacity 4640K, committed 4736K, reserved 1048576K
}
Event: 6.986 GC heap before
{Heap before GC invocations=9 (full 0):
 garbage-first heap   total 96256K, used 24670K [0x0000000080000000, 0x0000000100000000)
  region size 1024K, 10 young (10240K), 6 survivors (6144K)
 Metaspace       used 35008K, capacity 35827K, committed 35920K, reserved 1081344K
  class space    used 4554K, capacity 4875K, committed 4944K, reserved 1048576K
}
Event: 6.998 GC heap after
{Heap after GC invocations=10 (full 0):
 garbage-first heap   total 96256K, used 22624K [0x0000000080000000, 0x0000000100000000)
  region size 1024K, 4 young (4096K), 4 survivors (4096K)
 Metaspace       used 35008K, capacity 35827K, committed 35920K, reserved 1081344K
  class space    used 4554K, capacity 4875K, committed 4944K, reserved 1048576K
}
Event: 7.763 GC heap before
{Heap before GC invocations=11 (full 0):
 garbage-first heap   total 96256K, used 67680K [0x0000000080000000, 0x0000000100000000)
  region size 1024K, 46 young (47104K), 4 survivors (4096K)
 Metaspace       used 38984K, capacity 39911K, committed 40144K, reserved 1083392K
  class space    used 4968K, capacity 5316K, committed 5328K, reserved 1048576K
}
Event: 7.769 GC heap after
{Heap after GC invocations=12 (full 0):
 garbage-first heap   total 96256K, used 26071K [0x0000000080000000, 0x0000000100000000)
  region size 1024K, 6 young (6144K), 6 survivors (6144K)
 Metaspace       used 38984K, capacity 39911K, committed 40144K, reserved 1083392K
  class space    used 4968K, capacity 5316K, committed 5328K, reserved 1048576K
}
Event: 8.496 GC heap before
{Heap before GC invocations=12 (full 0):
 garbage-first heap   total 96256K, used 68055K [0x0000000080000000, 0x0000000100000000)
  region size 1024K, 47 young (48128K), 6 survivors (6144K)
 Metaspace       used 42002K, capacity 43016K, committed 43216K, reserved 1087488K
  class space    used 5412K, capacity 5787K, committed 5840K, reserved 1048576K
}
Event: 8.504 GC heap after
{Heap after GC invocations=13 (full 0):
 garbage-first heap   total 96256K, used 28740K [0x0000000080000000, 0x0000000100000000)
  region size 1024K, 3 young (3072K), 3 survivors (3072K)
 Metaspace       used 42002K, capacity 43016K, committed 43216K, reserved 1087488K
  class space    used 5412K, capacity 5787K, committed 5840K, reserved 1048576K
}
Event: 9.272 GC heap before
{Heap before GC invocations=13 (full 0):
 garbage-first heap   total 96256K, used 70724K [0x0000000080000000, 0x0000000100000000)
  region size 1024K, 43 young (44032K), 3 survivors (3072K)
 Metaspace       used 45582K, capacity 46663K, committed 46800K, reserved 1089536K
  class space    used 5872K, capacity 6278K, committed 6352K, reserved 1048576K
}
Event: 9.278 GC heap after
{Heap after GC invocations=14 (full 0):
 garbage-first heap   total 115712K, used 29809K [0x0000000080000000, 0x0000000100000000)
  region size 1024K, 4 young (4096K), 4 survivors (4096K)
 Metaspace       used 45582K, capacity 46663K, committed 46800K, reserved 1089536K
  class space    used 5872K, capacity 6278K, committed 6352K, reserved 1048576K
}
Event: 10.787 GC heap before
{Heap before GC invocations=14 (full 0):
 garbage-first heap   total 115712K, used 79985K [0x0000000080000000, 0x0000000100000000)
  region size 1024K, 53 young (54272K), 4 survivors (4096K)
 Metaspace       used 48038K, capacity 49188K, committed 49488K, reserved 1091584K
  class space    used 6174K, capacity 6628K, committed 6736K, reserved 1048576K
}
Event: 10.793 GC heap after
{Heap after GC invocations=15 (full 0):
 garbage-first heap   total 115712K, used 31441K [0x0000000080000000, 0x0000000100000000)
  region size 1024K, 6 young (6144K), 6 survivors (6144K)
 Metaspace       used 48038K, capacity 49188K, committed 49488K, reserved 1091584K
  class space    used 6174K, capacity 6628K, committed 6736K, reserved 1048576K
}
Event: 12.300 GC heap before
{Heap before GC invocations=15 (full 0):
 garbage-first heap   total 115712K, used 85713K [0x0000000080000000, 0x0000000100000000)
  region size 1024K, 56 young (57344K), 6 survivors (6144K)
 Metaspace       used 51378K, capacity 52601K, committed 52688K, reserved 1095680K
  class space    used 6579K, capacity 7069K, committed 7120K, reserved 1048576K
}
Event: 12.310 GC heap after
{Heap after GC invocations=16 (full 0):
 garbage-first heap   total 115712K, used 43716K [0x0000000080000000, 0x0000000100000000)
  region size 1024K, 7 young (7168K), 7 survivors (7168K)
 Metaspace       used 51378K, capacity 52601K, committed 52688K, reserved 1095680K
  class space    used 6579K, capacity 7069K, committed 7120K, reserved 1048576K
}

