# JRE version: OpenJDK Runtime Environment (11.0.12+7) (build 11.0.12+7-b1504.28-7817840)
# Java VM: OpenJDK 64-Bit Server VM (11.0.12+7-b1504.28-7817840, mixed mode, tiered, compressed oops, g1 gc, windows-amd64)
Heap:
 garbage-first heap   total 558080K, used 154576K [0x0000000080000000, 0x0000000100000000)
  region size 1024K, 6 young (6144K), 6 survivors (6144K)
 Metaspace       used 120425K, capacity 124085K, committed 124364K, reserved 1157120K
  class space    used 15356K, capacity 16804K, committed 16844K, reserved 1048576K
GC Heap History (20 events):
Event: 121.870 GC heap after
{Heap after GC invocations=58 (full 0):
 garbage-first heap   total 242688K, used 149871K [0x0000000080000000, 0x0000000100000000)
  region size 1024K, 2 young (2048K), 2 survivors (2048K)
 Metaspace       used 115748K, capacity 119082K, committed 120012K, reserved 1153024K
  class space    used 14900K, capacity 16186K, committed 16588K, reserved 1048576K
}
Event: 121.909 GC heap before
{Heap before GC invocations=58 (full 0):
 garbage-first heap   total 242688K, used 159087K [0x0000000080000000, 0x0000000100000000)
  region size 1024K, 11 young (11264K), 2 survivors (2048K)
 Metaspace       used 115838K, capacity 119206K, committed 120268K, reserved 1153024K
  class space    used 14908K, capacity 16227K, committed 16588K, reserved 1048576K
}
Event: 121.915 GC heap after
{Heap after GC invocations=59 (full 0):
 garbage-first heap   total 242688K, used 149884K [0x0000000080000000, 0x0000000100000000)
  region size 1024K, 1 young (1024K), 1 survivors (1024K)
 Metaspace       used 115838K, capacity 119206K, committed 120268K, reserved 1153024K
  class space    used 14908K, capacity 16227K, committed 16588K, reserved 1048576K
}
Event: 122.117 GC heap before
{Heap before GC invocations=59 (full 0):
 garbage-first heap   total 242688K, used 194940K [0x0000000080000000, 0x0000000100000000)
  region size 1024K, 45 young (46080K), 1 survivors (1024K)
 Metaspace       used 117136K, capacity 120543K, committed 121164K, reserved 1153024K
  class space    used 15093K, capacity 16437K, committed 16716K, reserved 1048576K
}
Event: 122.120 GC heap after
{Heap after GC invocations=60 (full 0):
 garbage-first heap   total 242688K, used 150380K [0x0000000080000000, 0x0000000100000000)
  region size 1024K, 1 young (1024K), 1 survivors (1024K)
 Metaspace       used 117136K, capacity 120543K, committed 121164K, reserved 1153024K
  class space    used 15093K, capacity 16437K, committed 16716K, reserved 1048576K
}
Event: 122.355 GC heap before
{Heap before GC invocations=60 (full 0):
 garbage-first heap   total 242688K, used 196460K [0x0000000080000000, 0x0000000100000000)
  region size 1024K, 47 young (48128K), 1 survivors (1024K)
 Metaspace       used 118031K, capacity 121711K, committed 121932K, reserved 1155072K
  class space    used 15236K, capacity 16652K, committed 16716K, reserved 1048576K
}
Event: 122.359 GC heap after
{Heap after GC invocations=61 (full 0):
 garbage-first heap   total 242688K, used 150529K [0x0000000080000000, 0x0000000100000000)
  region size 1024K, 2 young (2048K), 2 survivors (2048K)
 Metaspace       used 118031K, capacity 121711K, committed 121932K, reserved 1155072K
  class space    used 15236K, capacity 16652K, committed 16716K, reserved 1048576K
}
Event: 122.605 GC heap before
{Heap before GC invocations=61 (full 0):
 garbage-first heap   total 242688K, used 199681K [0x0000000080000000, 0x0000000100000000)
  region size 1024K, 50 young (51200K), 2 survivors (2048K)
 Metaspace       used 118341K, capacity 122029K, committed 122188K, reserved 1155072K
  class space    used 15247K, capacity 16693K, committed 16716K, reserved 1048576K
}
Event: 122.608 GC heap after
{Heap after GC invocations=62 (full 0):
 garbage-first heap   total 242688K, used 150656K [0x0000000080000000, 0x0000000100000000)
  region size 1024K, 2 young (2048K), 2 survivors (2048K)
 Metaspace       used 118341K, capacity 122029K, committed 122188K, reserved 1155072K
  class space    used 15247K, capacity 16693K, committed 16716K, reserved 1048576K
}
Event: 122.851 GC heap before
{Heap before GC invocations=62 (full 0):
 garbage-first heap   total 242688K, used 200832K [0x0000000080000000, 0x0000000100000000)
  region size 1024K, 52 young (53248K), 2 survivors (2048K)
 Metaspace       used 118488K, capacity 122188K, committed 122444K, reserved 1155072K
  class space    used 15252K, capacity 16702K, committed 16716K, reserved 1048576K
}
Event: 122.855 GC heap after
{Heap after GC invocations=63 (full 0):
 garbage-first heap   total 242688K, used 151146K [0x0000000080000000, 0x0000000100000000)
  region size 1024K, 2 young (2048K), 2 survivors (2048K)
 Metaspace       used 118488K, capacity 122188K, committed 122444K, reserved 1155072K
  class space    used 15252K, capacity 16702K, committed 16716K, reserved 1048576K
}
Event: 123.318 GC heap before
{Heap before GC invocations=63 (full 0):
 garbage-first heap   total 242688K, used 203370K [0x0000000080000000, 0x0000000100000000)
  region size 1024K, 54 young (55296K), 2 survivors (2048K)
 Metaspace       used 118640K, capacity 122333K, committed 122444K, reserved 1155072K
  class space    used 15256K, capacity 16707K, committed 16716K, reserved 1048576K
}
Event: 123.362 GC heap after
{Heap after GC invocations=64 (full 0):
 garbage-first heap   total 291840K, used 151336K [0x0000000080000000, 0x0000000100000000)
  region size 1024K, 2 young (2048K), 2 survivors (2048K)
 Metaspace       used 118640K, capacity 122333K, committed 122444K, reserved 1155072K
  class space    used 15256K, capacity 16707K, committed 16716K, reserved 1048576K
}
Event: 124.323 GC heap before
{Heap before GC invocations=64 (full 0):
 garbage-first heap   total 291840K, used 233256K [0x0000000080000000, 0x0000000100000000)
  region size 1024K, 82 young (83968K), 2 survivors (2048K)
 Metaspace       used 119266K, capacity 122935K, committed 122956K, reserved 1155072K
  class space    used 15273K, capacity 16707K, committed 16716K, reserved 1048576K
}
Event: 124.353 GC heap after
{Heap after GC invocations=65 (full 0):
 garbage-first heap   total 291840K, used 151154K [0x0000000080000000, 0x0000000100000000)
  region size 1024K, 2 young (2048K), 2 survivors (2048K)
 Metaspace       used 119266K, capacity 122935K, committed 122956K, reserved 1155072K
  class space    used 15273K, capacity 16707K, committed 16716K, reserved 1048576K
}
Event: 125.044 GC heap before
{Heap before GC invocations=65 (full 0):
 garbage-first heap   total 291840K, used 241266K [0x0000000080000000, 0x0000000100000000)
  region size 1024K, 90 young (92160K), 2 survivors (2048K)
 Metaspace       used 119540K, capacity 123145K, committed 123212K, reserved 1155072K
  class space    used 15279K, capacity 16707K, committed 16716K, reserved 1048576K
}
Event: 125.052 GC heap after
{Heap after GC invocations=66 (full 0):
 garbage-first heap   total 291840K, used 151612K [0x0000000080000000, 0x0000000100000000)
  region size 1024K, 3 young (3072K), 3 survivors (3072K)
 Metaspace       used 119540K, capacity 123145K, committed 123212K, reserved 1155072K
  class space    used 15279K, capacity 16707K, committed 16716K, reserved 1048576K
}
Event: 125.653 GC heap before
{Heap before GC invocations=66 (full 0):
 garbage-first heap   total 291840K, used 243772K [0x0000000080000000, 0x0000000100000000)
  region size 1024K, 93 young (95232K), 3 survivors (3072K)
 Metaspace       used 120048K, capacity 123732K, committed 123852K, reserved 1157120K
  class space    used 15331K, capacity 16772K, committed 16844K, reserved 1048576K
}
Event: 125.664 GC heap after
{Heap after GC invocations=67 (full 0):
 garbage-first heap   total 291840K, used 155029K [0x0000000080000000, 0x0000000100000000)
  region size 1024K, 6 young (6144K), 6 survivors (6144K)
 Metaspace       used 120048K, capacity 123732K, committed 123852K, reserved 1157120K
  class space    used 15331K, capacity 16772K, committed 16844K, reserved 1048576K
}
Event: 126.071 GC heap before
{Heap before GC invocations=67 (full 0):
 garbage-first heap   total 291840K, used 248213K [0x0000000080000000, 0x0000000100000000)
  region size 1024K, 98 young (100352K), 6 survivors (6144K)
 Metaspace       used 120425K, capacity 124085K, committed 124364K, reserved 1157120K
  class space    used 15356K, capacity 16804K, committed 16844K, reserved 1048576K
}

