# JRE version: OpenJDK Runtime Environment (11.0.12+7) (build 11.0.12+7-b1504.28-7817840)
# Java VM: OpenJDK 64-Bit Server VM (11.0.12+7-b1504.28-7817840, mixed mode, tiered, compressed oops, g1 gc, windows-amd64)
Heap:
 garbage-first heap   total 203776K, used 131464K [0x0000000080000000, 0x0000000100000000)
  region size 1024K, 51 young (52224K), 2 survivors (2048K)
 Metaspace       used 91754K, capacity 93828K, committed 94292K, reserved 1130496K
  class space    used 11832K, capacity 12667K, committed 12884K, reserved 1048576K
GC Heap History (20 events):
Event: 16.004 GC heap before
{Heap before GC invocations=22 (full 0):
 garbage-first heap   total 139264K, used 104549K [0x0000000080000000, 0x0000000100000000)
  region size 1024K, 54 young (55296K), 7 survivors (7168K)
 Metaspace       used 74591K, capacity 76290K, committed 76500K, reserved 1116160K
  class space    used 9828K, capacity 10424K, committed 10452K, reserved 1048576K
}
Event: 16.015 GC heap after
{Heap after GC invocations=23 (full 0):
 garbage-first heap   total 139264K, used 58943K [0x0000000080000000, 0x0000000100000000)
  region size 1024K, 6 young (6144K), 6 survivors (6144K)
 Metaspace       used 74591K, capacity 76290K, committed 76500K, reserved 1116160K
  class space    used 9828K, capacity 10424K, committed 10452K, reserved 1048576K
}
Event: 17.628 GC heap before
{Heap before GC invocations=23 (full 0):
 garbage-first heap   total 139264K, used 107071K [0x0000000080000000, 0x0000000100000000)
  region size 1024K, 54 young (55296K), 6 survivors (6144K)
 Metaspace       used 79648K, capacity 81563K, committed 81748K, reserved 1120256K
  class space    used 10505K, capacity 11231K, committed 11348K, reserved 1048576K
}
Event: 17.641 GC heap after
{Heap after GC invocations=24 (full 0):
 garbage-first heap   total 139264K, used 63001K [0x0000000080000000, 0x0000000100000000)
  region size 1024K, 7 young (7168K), 7 survivors (7168K)
 Metaspace       used 79648K, capacity 81563K, committed 81748K, reserved 1120256K
  class space    used 10505K, capacity 11231K, committed 11348K, reserved 1048576K
}
Event: 18.506 GC heap before
{Heap before GC invocations=24 (full 0):
 garbage-first heap   total 139264K, used 109081K [0x0000000080000000, 0x0000000100000000)
  region size 1024K, 53 young (54272K), 7 survivors (7168K)
 Metaspace       used 81210K, capacity 83411K, committed 83540K, reserved 1122304K
  class space    used 10744K, capacity 11584K, committed 11604K, reserved 1048576K
}
Event: 18.516 GC heap after
{Heap after GC invocations=25 (full 0):
 garbage-first heap   total 167936K, used 66237K [0x0000000080000000, 0x0000000100000000)
  region size 1024K, 4 young (4096K), 4 survivors (4096K)
 Metaspace       used 81210K, capacity 83411K, committed 83540K, reserved 1122304K
  class space    used 10744K, capacity 11584K, committed 11604K, reserved 1048576K
}
Event: 19.572 GC heap before
{Heap before GC invocations=25 (full 0):
 garbage-first heap   total 167936K, used 126653K [0x0000000080000000, 0x0000000100000000)
  region size 1024K, 62 young (63488K), 4 survivors (4096K)
 Metaspace       used 83651K, capacity 85813K, committed 85844K, reserved 1124352K
  class space    used 10981K, capacity 11832K, committed 11860K, reserved 1048576K
}
Event: 19.588 GC heap after
{Heap after GC invocations=26 (full 0):
 garbage-first heap   total 167936K, used 81408K [0x0000000080000000, 0x0000000100000000)
  region size 1024K, 8 young (8192K), 8 survivors (8192K)
 Metaspace       used 83651K, capacity 85813K, committed 85844K, reserved 1124352K
  class space    used 10981K, capacity 11832K, committed 11860K, reserved 1048576K
}
Event: 19.726 GC heap before
{Heap before GC invocations=26 (full 0):
 garbage-first heap   total 167936K, used 88576K [0x0000000080000000, 0x0000000100000000)
  region size 1024K, 16 young (16384K), 8 survivors (8192K)
 Metaspace       used 83672K, capacity 85877K, committed 86100K, reserved 1124352K
  class space    used 10982K, capacity 11832K, committed 11860K, reserved 1048576K
}
Event: 19.742 GC heap after
{Heap after GC invocations=27 (full 0):
 garbage-first heap   total 167936K, used 89860K [0x0000000080000000, 0x0000000100000000)
  region size 1024K, 7 young (7168K), 7 survivors (7168K)
 Metaspace       used 83672K, capacity 85877K, committed 86100K, reserved 1124352K
  class space    used 10982K, capacity 11832K, committed 11860K, reserved 1048576K
}
Event: 20.190 GC heap before
{Heap before GC invocations=28 (full 0):
 garbage-first heap   total 167936K, used 129796K [0x0000000080000000, 0x0000000100000000)
  region size 1024K, 33 young (33792K), 7 survivors (7168K)
 Metaspace       used 86124K, capacity 88361K, committed 88404K, reserved 1126400K
  class space    used 11256K, capacity 12089K, committed 12116K, reserved 1048576K
}
Event: 20.238 GC heap after
{Heap after GC invocations=29 (full 0):
 garbage-first heap   total 167936K, used 90542K [0x0000000080000000, 0x0000000100000000)
  region size 1024K, 2 young (2048K), 2 survivors (2048K)
 Metaspace       used 86124K, capacity 88361K, committed 88404K, reserved 1126400K
  class space    used 11256K, capacity 12089K, committed 12116K, reserved 1048576K
}
Event: 20.654 GC heap before
{Heap before GC invocations=29 (full 0):
 garbage-first heap   total 167936K, used 119214K [0x0000000080000000, 0x0000000100000000)
  region size 1024K, 31 young (31744K), 2 survivors (2048K)
 Metaspace       used 87403K, capacity 89629K, committed 89812K, reserved 1126400K
  class space    used 11368K, capacity 12195K, committed 12244K, reserved 1048576K
}
Event: 20.660 GC heap after
{Heap after GC invocations=30 (full 0):
 garbage-first heap   total 167936K, used 92271K [0x0000000080000000, 0x0000000100000000)
  region size 1024K, 4 young (4096K), 4 survivors (4096K)
 Metaspace       used 87403K, capacity 89629K, committed 89812K, reserved 1126400K
  class space    used 11368K, capacity 12195K, committed 12244K, reserved 1048576K
}
Event: 21.028 GC heap before
{Heap before GC invocations=31 (full 0):
 garbage-first heap   total 167936K, used 121967K [0x0000000080000000, 0x0000000100000000)
  region size 1024K, 34 young (34816K), 4 survivors (4096K)
 Metaspace       used 87931K, capacity 90006K, committed 90452K, reserved 1128448K
  class space    used 11370K, capacity 12153K, committed 12372K, reserved 1048576K
}
Event: 21.035 GC heap after
{Heap after GC invocations=32 (full 0):
 garbage-first heap   total 167936K, used 94217K [0x0000000080000000, 0x0000000100000000)
  region size 1024K, 5 young (5120K), 5 survivors (5120K)
 Metaspace       used 87931K, capacity 90006K, committed 90452K, reserved 1128448K
  class space    used 11370K, capacity 12153K, committed 12372K, reserved 1048576K
}
Event: 21.058 GC heap before
{Heap before GC invocations=32 (full 0):
 garbage-first heap   total 167936K, used 96265K [0x0000000080000000, 0x0000000100000000)
  region size 1024K, 8 young (8192K), 5 survivors (5120K)
 Metaspace       used 88008K, capacity 90106K, committed 90452K, reserved 1128448K
  class space    used 11382K, capacity 12185K, committed 12372K, reserved 1048576K
}
Event: 21.079 GC heap after
{Heap after GC invocations=33 (full 0):
 garbage-first heap   total 167936K, used 87287K [0x0000000080000000, 0x0000000100000000)
  region size 1024K, 1 young (1024K), 1 survivors (1024K)
 Metaspace       used 88008K, capacity 90106K, committed 90452K, reserved 1128448K
  class space    used 11382K, capacity 12185K, committed 12372K, reserved 1048576K
}
Event: 21.306 GC heap before
{Heap before GC invocations=33 (full 0):
 garbage-first heap   total 167936K, used 122103K [0x0000000080000000, 0x0000000100000000)
  region size 1024K, 37 young (37888K), 1 survivors (1024K)
 Metaspace       used 88710K, capacity 90808K, committed 91348K, reserved 1128448K
  class space    used 11470K, capacity 12282K, committed 12500K, reserved 1048576K
}
Event: 21.312 GC heap after
{Heap after GC invocations=34 (full 0):
 garbage-first heap   total 203776K, used 88456K [0x0000000080000000, 0x0000000100000000)
  region size 1024K, 2 young (2048K), 2 survivors (2048K)
 Metaspace       used 88710K, capacity 90808K, committed 91348K, reserved 1128448K
  class space    used 11470K, capacity 12282K, committed 12500K, reserved 1048576K
}

